2017-02-24 11:30:54,801 [Worker-41] INFO  o.e.m.c.i.l.LifecycleMappingFactory - Using org.maven.ide.eclipse.wtp.WarLifecycleMapping lifecycle mapping for MavenProject: com.bellinf.batch4:bacth4-servlets-jdbc-program:0.0.1-SNAPSHOT @ C:\Users\deept\Downloads\Java\bacth4-servlets-jdbc-program-master\bacth4-servlets-jdbc-program-master\pom.xml.
2017-02-24 11:30:56,859 [Worker-41] INFO  o.e.m.j.i.AbstractJavaProjectConfigurator - Adding source folder /bacth4-servlets-jdbc-program/src/main/java
2017-02-24 11:30:56,859 [Worker-41] INFO  o.e.m.j.i.AbstractJavaProjectConfigurator - Adding source folder /bacth4-servlets-jdbc-program/src/test/java
2017-02-24 11:30:56,859 [Worker-46] INFO  o.e.m.c.i.l.LifecycleMappingFactory - Using org.maven.ide.eclipse.wtp.WarLifecycleMapping lifecycle mapping for MavenProject: com.bellinf.batch4:bacth4-servlets-jdbc-program:0.0.1-SNAPSHOT @ C:\Users\deept\Downloads\Java\bacth4-servlets-jdbc-program-master\bacth4-servlets-jdbc-program-master\pom.xml.
2017-02-24 11:30:59,183 [Worker-41] INFO  o.e.m.c.i.p.ProjectConfigurationManager - Imported and configured 1 project(s) in 7 sec
2017-02-24 11:31:00,556 [Worker-42] INFO  o.e.m.c.i.l.LifecycleMappingFactory - Using org.maven.ide.eclipse.wtp.WarLifecycleMapping lifecycle mapping for MavenProject: com.bellinf.batch4:bacth4-servlets-jdbc-program:0.0.1-SNAPSHOT @ C:\Users\deept\Downloads\Java\bacth4-servlets-jdbc-program-master\bacth4-servlets-jdbc-program-master\pom.xml.
2017-02-24 11:31:00,770 [Worker-42] WARN  o.e.m.c.i.embedder.EclipseLogger - Using platform encoding (Cp1252 actually) to copy filtered resources, i.e. build is platform dependent!
2017-02-24 11:31:00,771 [Worker-42] INFO  o.e.m.c.i.embedder.EclipseLogger - skip non existing resourceDirectory C:\Users\deept\Downloads\Java\bacth4-servlets-jdbc-program-master\bacth4-servlets-jdbc-program-master\src\main\resources
2017-02-24 11:31:00,773 [Worker-42] WARN  o.e.m.c.i.embedder.EclipseLogger - Using platform encoding (Cp1252 actually) to copy filtered resources, i.e. build is platform dependent!
2017-02-24 11:31:00,774 [Worker-42] INFO  o.e.m.c.i.embedder.EclipseLogger - skip non existing resourceDirectory C:\Users\deept\Downloads\Java\bacth4-servlets-jdbc-program-master\bacth4-servlets-jdbc-program-master\src\test\resources
2017-02-24 16:32:57,226 [Worker-69] WARN  o.e.m.c.i.embedder.EclipseLogger - Using platform encoding (Cp1252 actually) to copy filtered resources, i.e. build is platform dependent!
2017-02-24 16:32:57,227 [Worker-69] INFO  o.e.m.c.i.embedder.EclipseLogger - skip non existing resourceDirectory C:\Users\deept\Downloads\Java\bacth4-servlets-jdbc-program-master\bacth4-servlets-jdbc-program-master\src\main\resources
2017-02-24 16:32:57,228 [Worker-69] WARN  o.e.m.c.i.embedder.EclipseLogger - Using platform encoding (Cp1252 actually) to copy filtered resources, i.e. build is platform dependent!
2017-02-24 16:32:57,229 [Worker-69] INFO  o.e.m.c.i.embedder.EclipseLogger - skip non existing resourceDirectory C:\Users\deept\Downloads\Java\bacth4-servlets-jdbc-program-master\bacth4-servlets-jdbc-program-master\src\test\resources
2017-02-24 16:47:05,029 [ModalContext] INFO  o.e.m.c.i.e.AbstractTransferListenerAdapter - Downloading http://repo.maven.apache.org/maven2/org/apache/maven/archetypes/maven-archetype-webapp/maven-metadata.xml
2017-02-24 16:47:05,081 [ModalContext] INFO  o.e.m.c.i.e.AbstractTransferListenerAdapter - Downloaded http://repo.maven.apache.org/maven2/org/apache/maven/archetypes/maven-archetype-webapp/maven-metadata.xml
2017-02-24 16:47:05,122 [ModalContext] INFO  o.e.m.c.i.e.AbstractTransferListenerAdapter - Downloading http://repo.maven.apache.org/maven2/org/apache/maven/archetypes/maven-archetype-webapp/1.0/maven-archetype-webapp-1.0.jar
2017-02-24 16:47:05,151 [ModalContext] INFO  o.e.m.c.i.e.AbstractTransferListenerAdapter - Downloaded http://repo.maven.apache.org/maven2/org/apache/maven/archetypes/maven-archetype-webapp/1.0/maven-archetype-webapp-1.0.jar
2017-02-24 16:47:39,712 [Worker-79] INFO  o.e.m.c.i.e.AbstractTransferListenerAdapter - Downloading http://repo.maven.apache.org/maven2/org/apache/maven/archetypes/maven-archetype-webapp/1.0/maven-archetype-webapp-1.0.pom
2017-02-24 16:47:39,747 [Worker-79] INFO  o.e.m.c.i.e.AbstractTransferListenerAdapter - Downloaded http://repo.maven.apache.org/maven2/org/apache/maven/archetypes/maven-archetype-webapp/1.0/maven-archetype-webapp-1.0.pom
2017-02-24 16:47:39,801 [pool-2-thread-1] INFO  o.e.m.c.i.e.AbstractTransferListenerAdapter - Downloaded file:///C:/Users/deept/.m2/repository/org/apache/maven/archetypes/maven-archetype-webapp/1.0/maven-archetype-webapp-1.0.jar
2017-02-24 16:47:39,829 [Worker-79] INFO  o.e.m.c.i.p.ProjectConfigurationManager - Collecting project info '/pom.xml' C:\Users\deept\workspace\mvcapp\pom.xml
2017-02-24 16:47:39,918 [Worker-79] INFO  o.e.m.c.i.l.LifecycleMappingFactory - Using org.maven.ide.eclipse.wtp.WarLifecycleMapping lifecycle mapping for MavenProject: com.deepu.mvc:mvcapp:0.0.1-SNAPSHOT @ C:\Users\deept\workspace\mvcapp\pom.xml.
2017-02-24 16:47:40,159 [Worker-79] INFO  o.e.m.j.i.AbstractJavaProjectConfigurator - Adding source folder /mvcapp/src/main/java
2017-02-24 16:47:40,160 [Worker-79] INFO  o.e.m.j.i.AbstractJavaProjectConfigurator - Adding resource folder /mvcapp/src/main/resources
2017-02-24 16:47:40,160 [Worker-79] INFO  o.e.m.j.i.AbstractJavaProjectConfigurator - Adding source folder /mvcapp/src/test/java
2017-02-24 16:47:40,843 [Worker-79] INFO  o.e.m.c.i.p.ProjectConfigurationManager - Imported and configured 1 project(s) in 1 sec
2017-02-24 16:47:41,180 [Worker-70] INFO  o.e.m.c.i.l.LifecycleMappingFactory - Using org.maven.ide.eclipse.wtp.WarLifecycleMapping lifecycle mapping for MavenProject: com.deepu.mvc:mvcapp:0.0.1-SNAPSHOT @ C:\Users\deept\workspace\mvcapp\pom.xml.
2017-02-24 16:47:41,410 [Worker-70] WARN  o.e.m.c.i.embedder.EclipseLogger - Using platform encoding (Cp1252 actually) to copy filtered resources, i.e. build is platform dependent!
2017-02-24 16:47:41,427 [Worker-70] INFO  o.e.m.c.i.embedder.EclipseLogger - Copying 0 resource
2017-02-24 16:47:41,428 [Worker-70] WARN  o.e.m.c.i.embedder.EclipseLogger - Using platform encoding (Cp1252 actually) to copy filtered resources, i.e. build is platform dependent!
2017-02-24 16:47:41,428 [Worker-70] INFO  o.e.m.c.i.embedder.EclipseLogger - skip non existing resourceDirectory C:\Users\deept\workspace\mvcapp\src\test\resources
2017-02-24 16:47:41,682 [Worker-76] INFO  o.e.m.c.i.l.LifecycleMappingFactory - Using org.maven.ide.eclipse.wtp.WarLifecycleMapping lifecycle mapping for MavenProject: com.deepu.mvc:mvcapp:0.0.1-SNAPSHOT @ C:\Users\deept\workspace\mvcapp\pom.xml.
2017-02-24 16:47:41,761 [Worker-76] WARN  o.e.m.c.i.embedder.EclipseLogger - Using platform encoding (Cp1252 actually) to copy filtered resources, i.e. build is platform dependent!
2017-02-24 16:47:41,764 [Worker-76] INFO  o.e.m.c.i.embedder.EclipseLogger - Copying 0 resource
2017-02-24 16:47:41,765 [Worker-76] WARN  o.e.m.c.i.embedder.EclipseLogger - Using platform encoding (Cp1252 actually) to copy filtered resources, i.e. build is platform dependent!
2017-02-24 16:47:41,766 [Worker-76] INFO  o.e.m.c.i.embedder.EclipseLogger - skip non existing resourceDirectory C:\Users\deept\workspace\mvcapp\src\test\resources
2017-02-24 16:47:41,927 [Worker-80] INFO  o.e.m.c.i.l.LifecycleMappingFactory - Using org.maven.ide.eclipse.wtp.WarLifecycleMapping lifecycle mapping for MavenProject: com.deepu.mvc:mvcapp:0.0.1-SNAPSHOT @ C:\Users\deept\workspace\mvcapp\pom.xml.
2017-02-24 16:47:42,840 [Worker-79] WARN  o.e.m.c.i.embedder.EclipseLogger - Using platform encoding (Cp1252 actually) to copy filtered resources, i.e. build is platform dependent!
2017-02-24 16:47:42,841 [Worker-79] INFO  o.e.m.c.i.embedder.EclipseLogger - Copying 0 resource
2017-02-24 16:47:42,842 [Worker-79] WARN  o.e.m.c.i.embedder.EclipseLogger - Using platform encoding (Cp1252 actually) to copy filtered resources, i.e. build is platform dependent!
2017-02-24 16:47:42,843 [Worker-79] INFO  o.e.m.c.i.embedder.EclipseLogger - skip non existing resourceDirectory C:\Users\deept\workspace\mvcapp\src\test\resources
2017-02-24 22:18:02,196 [Worker-138] INFO  o.e.m.c.i.l.LifecycleMappingFactory - Using org.maven.ide.eclipse.wtp.WarLifecycleMapping lifecycle mapping for MavenProject: com.bellinf.batch4.mvc:bellinfo-mvc-flow:0.0.1-SNAPSHOT @ C:\Users\deept\Downloads\Java\bellinfo-mvc-flow-master\bellinfo-mvc-flow-master\pom.xml.
2017-02-24 22:18:02,256 [Worker-138] INFO  o.e.m.c.i.e.AbstractTransferListenerAdapter - Downloading http://repo.maven.apache.org/maven2/jstl/jstl/1.2/jstl-1.2.pom
2017-02-24 22:18:02,288 [Worker-138] INFO  o.e.m.c.i.e.AbstractTransferListenerAdapter - Downloaded http://repo.maven.apache.org/maven2/jstl/jstl/1.2/jstl-1.2.pom
2017-02-24 22:18:02,317 [Worker-138] INFO  o.e.m.c.i.e.AbstractTransferListenerAdapter - Downloading http://repo.maven.apache.org/maven2/javax/validation/validation-api/1.1.0.Final/validation-api-1.1.0.Final.pom
2017-02-24 22:18:02,380 [Worker-138] INFO  o.e.m.c.i.e.AbstractTransferListenerAdapter - Downloaded http://repo.maven.apache.org/maven2/javax/validation/validation-api/1.1.0.Final/validation-api-1.1.0.Final.pom
2017-02-24 22:18:02,437 [Worker-138] INFO  o.e.m.c.i.e.AbstractTransferListenerAdapter - Downloading http://repo.maven.apache.org/maven2/org/hibernate/hibernate-validator/5.1.0.Final/hibernate-validator-5.1.0.Final.pom
2017-02-24 22:18:02,523 [Worker-138] INFO  o.e.m.c.i.e.AbstractTransferListenerAdapter - Downloaded http://repo.maven.apache.org/maven2/org/hibernate/hibernate-validator/5.1.0.Final/hibernate-validator-5.1.0.Final.pom
2017-02-24 22:18:02,569 [Worker-138] INFO  o.e.m.c.i.e.AbstractTransferListenerAdapter - Downloading http://repo.maven.apache.org/maven2/org/hibernate/hibernate-validator-parent/5.1.0.Final/hibernate-validator-parent-5.1.0.Final.pom
2017-02-24 22:18:02,620 [Worker-138] INFO  o.e.m.c.i.e.AbstractTransferListenerAdapter - Downloaded http://repo.maven.apache.org/maven2/org/hibernate/hibernate-validator-parent/5.1.0.Final/hibernate-validator-parent-5.1.0.Final.pom
2017-02-24 22:18:02,645 [Worker-138] INFO  o.e.m.c.i.e.AbstractTransferListenerAdapter - Downloading http://repo.maven.apache.org/maven2/org/jboss/arquillian/arquillian-bom/1.0.2.Final/arquillian-bom-1.0.2.Final.pom
2017-02-24 22:18:02,689 [Worker-138] INFO  o.e.m.c.i.e.AbstractTransferListenerAdapter - Downloaded http://repo.maven.apache.org/maven2/org/jboss/arquillian/arquillian-bom/1.0.2.Final/arquillian-bom-1.0.2.Final.pom
2017-02-24 22:18:02,720 [Worker-138] INFO  o.e.m.c.i.e.AbstractTransferListenerAdapter - Downloading http://repo.maven.apache.org/maven2/org/jboss/shrinkwrap/shrinkwrap-bom/1.0.1/shrinkwrap-bom-1.0.1.pom
2017-02-24 22:18:02,749 [Worker-138] INFO  o.e.m.c.i.e.AbstractTransferListenerAdapter - Downloaded http://repo.maven.apache.org/maven2/org/jboss/shrinkwrap/shrinkwrap-bom/1.0.1/shrinkwrap-bom-1.0.1.pom
2017-02-24 22:18:02,773 [Worker-138] INFO  o.e.m.c.i.e.AbstractTransferListenerAdapter - Downloading http://repo.maven.apache.org/maven2/org/jboss/shrinkwrap/resolver/shrinkwrap-resolver-bom/1.0.0-beta-7/shrinkwrap-resolver-bom-1.0.0-beta-7.pom
2017-02-24 22:18:02,810 [Worker-138] INFO  o.e.m.c.i.e.AbstractTransferListenerAdapter - Downloaded http://repo.maven.apache.org/maven2/org/jboss/shrinkwrap/resolver/shrinkwrap-resolver-bom/1.0.0-beta-7/shrinkwrap-resolver-bom-1.0.0-beta-7.pom
2017-02-24 22:18:02,834 [Worker-138] INFO  o.e.m.c.i.e.AbstractTransferListenerAdapter - Downloading http://repo.maven.apache.org/maven2/org/jboss/shrinkwrap/descriptors/shrinkwrap-descriptors-bom/2.0.0-alpha-3/shrinkwrap-descriptors-bom-2.0.0-alpha-3.pom
2017-02-24 22:18:02,866 [Worker-138] INFO  o.e.m.c.i.e.AbstractTransferListenerAdapter - Downloaded http://repo.maven.apache.org/maven2/org/jboss/shrinkwrap/descriptors/shrinkwrap-descriptors-bom/2.0.0-alpha-3/shrinkwrap-descriptors-bom-2.0.0-alpha-3.pom
2017-02-24 22:18:02,889 [Worker-138] INFO  o.e.m.c.i.e.AbstractTransferListenerAdapter - Downloading http://repo.maven.apache.org/maven2/org/jboss/logging/jboss-logging/3.1.3.GA/jboss-logging-3.1.3.GA.pom
2017-02-24 22:18:02,923 [Worker-138] INFO  o.e.m.c.i.e.AbstractTransferListenerAdapter - Downloaded http://repo.maven.apache.org/maven2/org/jboss/logging/jboss-logging/3.1.3.GA/jboss-logging-3.1.3.GA.pom
2017-02-24 22:18:02,946 [Worker-138] INFO  o.e.m.c.i.e.AbstractTransferListenerAdapter - Downloading http://repo.maven.apache.org/maven2/org/jboss/jboss-parent/9/jboss-parent-9.pom
2017-02-24 22:18:02,986 [Worker-138] INFO  o.e.m.c.i.e.AbstractTransferListenerAdapter - Downloaded http://repo.maven.apache.org/maven2/org/jboss/jboss-parent/9/jboss-parent-9.pom
2017-02-24 22:18:03,012 [Worker-138] INFO  o.e.m.c.i.e.AbstractTransferListenerAdapter - Downloading http://repo.maven.apache.org/maven2/com/fasterxml/classmate/1.0.0/classmate-1.0.0.pom
2017-02-24 22:18:03,045 [Worker-138] INFO  o.e.m.c.i.e.AbstractTransferListenerAdapter - Downloaded http://repo.maven.apache.org/maven2/com/fasterxml/classmate/1.0.0/classmate-1.0.0.pom
2017-02-24 22:18:03,068 [Worker-138] INFO  o.e.m.c.i.e.AbstractTransferListenerAdapter - Downloading http://repo.maven.apache.org/maven2/org/sonatype/oss/oss-parent/7/oss-parent-7.pom
2017-02-24 22:18:03,097 [Worker-138] INFO  o.e.m.c.i.e.AbstractTransferListenerAdapter - Downloaded http://repo.maven.apache.org/maven2/org/sonatype/oss/oss-parent/7/oss-parent-7.pom
2017-02-24 22:18:03,120 [Worker-138] INFO  o.e.m.c.i.e.AbstractTransferListenerAdapter - Downloading http://repo.maven.apache.org/maven2/org/springframework/spring-core/4.2.2.RELEASE/spring-core-4.2.2.RELEASE.pom
2017-02-24 22:18:03,152 [Worker-138] INFO  o.e.m.c.i.e.AbstractTransferListenerAdapter - Downloaded http://repo.maven.apache.org/maven2/org/springframework/spring-core/4.2.2.RELEASE/spring-core-4.2.2.RELEASE.pom
2017-02-24 22:18:03,175 [Worker-138] INFO  o.e.m.c.i.e.AbstractTransferListenerAdapter - Downloading http://repo.maven.apache.org/maven2/commons-logging/commons-logging/1.2/commons-logging-1.2.pom
2017-02-24 22:18:03,214 [Worker-138] INFO  o.e.m.c.i.e.AbstractTransferListenerAdapter - Downloaded http://repo.maven.apache.org/maven2/commons-logging/commons-logging/1.2/commons-logging-1.2.pom
2017-02-24 22:18:03,239 [Worker-138] INFO  o.e.m.c.i.e.AbstractTransferListenerAdapter - Downloading http://repo.maven.apache.org/maven2/org/apache/commons/commons-parent/34/commons-parent-34.pom
2017-02-24 22:18:03,270 [Worker-138] INFO  o.e.m.c.i.e.AbstractTransferListenerAdapter - Downloaded http://repo.maven.apache.org/maven2/org/apache/commons/commons-parent/34/commons-parent-34.pom
2017-02-24 22:18:03,298 [Worker-138] INFO  o.e.m.c.i.e.AbstractTransferListenerAdapter - Downloading http://repo.maven.apache.org/maven2/org/apache/apache/13/apache-13.pom
2017-02-24 22:18:03,342 [Worker-138] INFO  o.e.m.c.i.e.AbstractTransferListenerAdapter - Downloaded http://repo.maven.apache.org/maven2/org/apache/apache/13/apache-13.pom
2017-02-24 22:18:03,362 [Worker-138] INFO  o.e.m.c.i.e.AbstractTransferListenerAdapter - Downloading http://repo.maven.apache.org/maven2/org/springframework/spring-web/4.2.2.RELEASE/spring-web-4.2.2.RELEASE.pom
2017-02-24 22:18:03,406 [Worker-138] INFO  o.e.m.c.i.e.AbstractTransferListenerAdapter - Downloaded http://repo.maven.apache.org/maven2/org/springframework/spring-web/4.2.2.RELEASE/spring-web-4.2.2.RELEASE.pom
2017-02-24 22:18:03,432 [Worker-138] INFO  o.e.m.c.i.e.AbstractTransferListenerAdapter - Downloading http://repo.maven.apache.org/maven2/org/springframework/spring-aop/4.2.2.RELEASE/spring-aop-4.2.2.RELEASE.pom
2017-02-24 22:18:03,467 [Worker-138] INFO  o.e.m.c.i.e.AbstractTransferListenerAdapter - Downloaded http://repo.maven.apache.org/maven2/org/springframework/spring-aop/4.2.2.RELEASE/spring-aop-4.2.2.RELEASE.pom
2017-02-24 22:18:03,491 [Worker-138] INFO  o.e.m.c.i.e.AbstractTransferListenerAdapter - Downloading http://repo.maven.apache.org/maven2/aopalliance/aopalliance/1.0/aopalliance-1.0.pom
2017-02-24 22:18:03,519 [Worker-138] INFO  o.e.m.c.i.e.AbstractTransferListenerAdapter - Downloaded http://repo.maven.apache.org/maven2/aopalliance/aopalliance/1.0/aopalliance-1.0.pom
2017-02-24 22:18:03,540 [Worker-138] INFO  o.e.m.c.i.e.AbstractTransferListenerAdapter - Downloading http://repo.maven.apache.org/maven2/org/springframework/spring-beans/4.2.2.RELEASE/spring-beans-4.2.2.RELEASE.pom
2017-02-24 22:18:03,571 [Worker-138] INFO  o.e.m.c.i.e.AbstractTransferListenerAdapter - Downloaded http://repo.maven.apache.org/maven2/org/springframework/spring-beans/4.2.2.RELEASE/spring-beans-4.2.2.RELEASE.pom
2017-02-24 22:18:03,595 [Worker-138] INFO  o.e.m.c.i.e.AbstractTransferListenerAdapter - Downloading http://repo.maven.apache.org/maven2/org/springframework/spring-context/4.2.2.RELEASE/spring-context-4.2.2.RELEASE.pom
2017-02-24 22:18:03,634 [Worker-138] INFO  o.e.m.c.i.e.AbstractTransferListenerAdapter - Downloaded http://repo.maven.apache.org/maven2/org/springframework/spring-context/4.2.2.RELEASE/spring-context-4.2.2.RELEASE.pom
2017-02-24 22:18:03,655 [Worker-138] INFO  o.e.m.c.i.e.AbstractTransferListenerAdapter - Downloading http://repo.maven.apache.org/maven2/org/springframework/spring-expression/4.2.2.RELEASE/spring-expression-4.2.2.RELEASE.pom
2017-02-24 22:18:03,687 [Worker-138] INFO  o.e.m.c.i.e.AbstractTransferListenerAdapter - Downloaded http://repo.maven.apache.org/maven2/org/springframework/spring-expression/4.2.2.RELEASE/spring-expression-4.2.2.RELEASE.pom
2017-02-24 22:18:03,711 [Worker-138] INFO  o.e.m.c.i.e.AbstractTransferListenerAdapter - Downloading http://repo.maven.apache.org/maven2/javax/servlet/jsp/jsp-api/2.1/jsp-api-2.1.pom
2017-02-24 22:18:03,742 [Worker-138] INFO  o.e.m.c.i.e.AbstractTransferListenerAdapter - Downloaded http://repo.maven.apache.org/maven2/javax/servlet/jsp/jsp-api/2.1/jsp-api-2.1.pom
2017-02-24 22:18:03,763 [Worker-138] INFO  o.e.m.c.i.e.AbstractTransferListenerAdapter - Downloading http://repo.maven.apache.org/maven2/org/springframework/spring-webmvc/4.2.2.RELEASE/spring-webmvc-4.2.2.RELEASE.pom
2017-02-24 22:18:03,799 [Worker-138] INFO  o.e.m.c.i.e.AbstractTransferListenerAdapter - Downloaded http://repo.maven.apache.org/maven2/org/springframework/spring-webmvc/4.2.2.RELEASE/spring-webmvc-4.2.2.RELEASE.pom
2017-02-24 22:18:03,823 [Worker-138] INFO  o.e.m.c.i.e.AbstractTransferListenerAdapter - Downloading http://repo.maven.apache.org/maven2/org/springframework/spring-test/4.2.2.RELEASE/spring-test-4.2.2.RELEASE.pom
2017-02-24 22:18:03,859 [Worker-138] INFO  o.e.m.c.i.e.AbstractTransferListenerAdapter - Downloaded http://repo.maven.apache.org/maven2/org/springframework/spring-test/4.2.2.RELEASE/spring-test-4.2.2.RELEASE.pom
2017-02-24 22:18:03,879 [Worker-138] INFO  o.e.m.c.i.e.AbstractTransferListenerAdapter - Downloading http://repo.maven.apache.org/maven2/junit/junit/4.11/junit-4.11.pom
2017-02-24 22:18:03,911 [Worker-138] INFO  o.e.m.c.i.e.AbstractTransferListenerAdapter - Downloaded http://repo.maven.apache.org/maven2/junit/junit/4.11/junit-4.11.pom
2017-02-24 22:18:03,937 [Worker-138] INFO  o.e.m.c.i.e.AbstractTransferListenerAdapter - Downloading http://repo.maven.apache.org/maven2/org/hamcrest/hamcrest-core/1.3/hamcrest-core-1.3.pom
2017-02-24 22:18:03,975 [Worker-138] INFO  o.e.m.c.i.e.AbstractTransferListenerAdapter - Downloaded http://repo.maven.apache.org/maven2/org/hamcrest/hamcrest-core/1.3/hamcrest-core-1.3.pom
2017-02-24 22:18:04,020 [Worker-138] INFO  o.e.m.c.i.e.AbstractTransferListenerAdapter - Downloading http://repo.maven.apache.org/maven2/org/hamcrest/hamcrest-parent/1.3/hamcrest-parent-1.3.pom
2017-02-24 22:18:04,068 [Worker-138] INFO  o.e.m.c.i.e.AbstractTransferListenerAdapter - Downloaded http://repo.maven.apache.org/maven2/org/hamcrest/hamcrest-parent/1.3/hamcrest-parent-1.3.pom
2017-02-24 22:18:04,104 [Worker-138] INFO  o.e.m.c.i.e.AbstractTransferListenerAdapter - Downloading http://repo.maven.apache.org/maven2/org/apache/tiles/tiles-core/3.0.5/tiles-core-3.0.5.pom
2017-02-24 22:18:04,148 [Worker-138] INFO  o.e.m.c.i.e.AbstractTransferListenerAdapter - Downloaded http://repo.maven.apache.org/maven2/org/apache/tiles/tiles-core/3.0.5/tiles-core-3.0.5.pom
2017-02-24 22:18:04,196 [Worker-138] INFO  o.e.m.c.i.e.AbstractTransferListenerAdapter - Downloading http://repo.maven.apache.org/maven2/org/apache/tiles/tiles-parent/3.0.5/tiles-parent-3.0.5.pom
2017-02-24 22:18:04,240 [Worker-138] INFO  o.e.m.c.i.e.AbstractTransferListenerAdapter - Downloaded http://repo.maven.apache.org/maven2/org/apache/tiles/tiles-parent/3.0.5/tiles-parent-3.0.5.pom
2017-02-24 22:18:04,276 [Worker-138] INFO  o.e.m.c.i.e.AbstractTransferListenerAdapter - Downloading http://repo.maven.apache.org/maven2/org/apache/tiles/tiles-master/6/tiles-master-6.pom
2017-02-24 22:18:04,310 [Worker-138] INFO  o.e.m.c.i.e.AbstractTransferListenerAdapter - Downloaded http://repo.maven.apache.org/maven2/org/apache/tiles/tiles-master/6/tiles-master-6.pom
2017-02-24 22:18:04,341 [Worker-138] INFO  o.e.m.c.i.e.AbstractTransferListenerAdapter - Downloading http://repo.maven.apache.org/maven2/org/apache/tiles/tiles-api/3.0.5/tiles-api-3.0.5.pom
2017-02-24 22:18:04,376 [Worker-138] INFO  o.e.m.c.i.e.AbstractTransferListenerAdapter - Downloaded http://repo.maven.apache.org/maven2/org/apache/tiles/tiles-api/3.0.5/tiles-api-3.0.5.pom
2017-02-24 22:18:04,416 [Worker-138] INFO  o.e.m.c.i.e.AbstractTransferListenerAdapter - Downloading http://repo.maven.apache.org/maven2/org/slf4j/slf4j-api/1.7.6/slf4j-api-1.7.6.pom
2017-02-24 22:18:04,452 [Worker-138] INFO  o.e.m.c.i.e.AbstractTransferListenerAdapter - Downloaded http://repo.maven.apache.org/maven2/org/slf4j/slf4j-api/1.7.6/slf4j-api-1.7.6.pom
2017-02-24 22:18:04,480 [Worker-138] INFO  o.e.m.c.i.e.AbstractTransferListenerAdapter - Downloading http://repo.maven.apache.org/maven2/org/slf4j/slf4j-parent/1.7.6/slf4j-parent-1.7.6.pom
2017-02-24 22:18:04,516 [Worker-138] INFO  o.e.m.c.i.e.AbstractTransferListenerAdapter - Downloaded http://repo.maven.apache.org/maven2/org/slf4j/slf4j-parent/1.7.6/slf4j-parent-1.7.6.pom
2017-02-24 22:18:04,540 [Worker-138] INFO  o.e.m.c.i.e.AbstractTransferListenerAdapter - Downloading http://repo.maven.apache.org/maven2/org/apache/tiles/tiles-request-api/1.0.6/tiles-request-api-1.0.6.pom
2017-02-24 22:18:04,572 [Worker-138] INFO  o.e.m.c.i.e.AbstractTransferListenerAdapter - Downloaded http://repo.maven.apache.org/maven2/org/apache/tiles/tiles-request-api/1.0.6/tiles-request-api-1.0.6.pom
2017-02-24 22:18:04,592 [Worker-138] INFO  o.e.m.c.i.e.AbstractTransferListenerAdapter - Downloading http://repo.maven.apache.org/maven2/org/apache/tiles/tiles-request/1.0.6/tiles-request-1.0.6.pom
2017-02-24 22:18:04,630 [Worker-138] INFO  o.e.m.c.i.e.AbstractTransferListenerAdapter - Downloaded http://repo.maven.apache.org/maven2/org/apache/tiles/tiles-request/1.0.6/tiles-request-1.0.6.pom
2017-02-24 22:18:04,656 [Worker-138] INFO  o.e.m.c.i.e.AbstractTransferListenerAdapter - Downloading http://repo.maven.apache.org/maven2/org/slf4j/slf4j-api/1.5.8/slf4j-api-1.5.8.pom
2017-02-24 22:18:04,684 [Worker-138] INFO  o.e.m.c.i.e.AbstractTransferListenerAdapter - Downloaded http://repo.maven.apache.org/maven2/org/slf4j/slf4j-api/1.5.8/slf4j-api-1.5.8.pom
2017-02-24 22:18:04,713 [Worker-138] INFO  o.e.m.c.i.e.AbstractTransferListenerAdapter - Downloading http://repo.maven.apache.org/maven2/org/slf4j/slf4j-parent/1.5.8/slf4j-parent-1.5.8.pom
2017-02-24 22:18:04,746 [Worker-138] INFO  o.e.m.c.i.e.AbstractTransferListenerAdapter - Downloaded http://repo.maven.apache.org/maven2/org/slf4j/slf4j-parent/1.5.8/slf4j-parent-1.5.8.pom
2017-02-24 22:18:04,764 [Worker-138] INFO  o.e.m.c.i.e.AbstractTransferListenerAdapter - Downloading http://repo.maven.apache.org/maven2/commons-digester/commons-digester/2.0/commons-digester-2.0.pom
2017-02-24 22:18:04,802 [Worker-138] INFO  o.e.m.c.i.e.AbstractTransferListenerAdapter - Downloaded http://repo.maven.apache.org/maven2/commons-digester/commons-digester/2.0/commons-digester-2.0.pom
2017-02-24 22:18:04,822 [Worker-138] INFO  o.e.m.c.i.e.AbstractTransferListenerAdapter - Downloading http://repo.maven.apache.org/maven2/org/apache/commons/commons-parent/11/commons-parent-11.pom
2017-02-24 22:18:04,856 [Worker-138] INFO  o.e.m.c.i.e.AbstractTransferListenerAdapter - Downloaded http://repo.maven.apache.org/maven2/org/apache/commons/commons-parent/11/commons-parent-11.pom
2017-02-24 22:18:04,880 [Worker-138] INFO  o.e.m.c.i.e.AbstractTransferListenerAdapter - Downloading http://repo.maven.apache.org/maven2/commons-beanutils/commons-beanutils/1.8.0/commons-beanutils-1.8.0.pom
2017-02-24 22:18:04,912 [Worker-138] INFO  o.e.m.c.i.e.AbstractTransferListenerAdapter - Downloaded http://repo.maven.apache.org/maven2/commons-beanutils/commons-beanutils/1.8.0/commons-beanutils-1.8.0.pom
2017-02-24 22:18:04,938 [Worker-138] INFO  o.e.m.c.i.e.AbstractTransferListenerAdapter - Downloading http://repo.maven.apache.org/maven2/org/slf4j/jcl-over-slf4j/1.7.6/jcl-over-slf4j-1.7.6.pom
2017-02-24 22:18:04,969 [Worker-138] INFO  o.e.m.c.i.e.AbstractTransferListenerAdapter - Downloaded http://repo.maven.apache.org/maven2/org/slf4j/jcl-over-slf4j/1.7.6/jcl-over-slf4j-1.7.6.pom
2017-02-24 22:18:04,997 [Worker-138] INFO  o.e.m.c.i.e.AbstractTransferListenerAdapter - Downloading http://repo.maven.apache.org/maven2/org/apache/tiles/tiles-jsp/3.0.5/tiles-jsp-3.0.5.pom
2017-02-24 22:18:05,024 [Worker-138] INFO  o.e.m.c.i.e.AbstractTransferListenerAdapter - Downloaded http://repo.maven.apache.org/maven2/org/apache/tiles/tiles-jsp/3.0.5/tiles-jsp-3.0.5.pom
2017-02-24 22:18:05,048 [Worker-138] INFO  o.e.m.c.i.e.AbstractTransferListenerAdapter - Downloading http://repo.maven.apache.org/maven2/org/apache/tiles/tiles-servlet/3.0.5/tiles-servlet-3.0.5.pom
2017-02-24 22:18:05,080 [Worker-138] INFO  o.e.m.c.i.e.AbstractTransferListenerAdapter - Downloaded http://repo.maven.apache.org/maven2/org/apache/tiles/tiles-servlet/3.0.5/tiles-servlet-3.0.5.pom
2017-02-24 22:18:05,104 [Worker-138] INFO  o.e.m.c.i.e.AbstractTransferListenerAdapter - Downloading http://repo.maven.apache.org/maven2/org/apache/tiles/tiles-request-servlet/1.0.6/tiles-request-servlet-1.0.6.pom
2017-02-24 22:18:05,144 [Worker-138] INFO  o.e.m.c.i.e.AbstractTransferListenerAdapter - Downloaded http://repo.maven.apache.org/maven2/org/apache/tiles/tiles-request-servlet/1.0.6/tiles-request-servlet-1.0.6.pom
2017-02-24 22:18:05,168 [Worker-138] INFO  o.e.m.c.i.e.AbstractTransferListenerAdapter - Downloading http://repo.maven.apache.org/maven2/org/apache/tiles/tiles-template/3.0.5/tiles-template-3.0.5.pom
2017-02-24 22:18:05,208 [Worker-138] INFO  o.e.m.c.i.e.AbstractTransferListenerAdapter - Downloaded http://repo.maven.apache.org/maven2/org/apache/tiles/tiles-template/3.0.5/tiles-template-3.0.5.pom
2017-02-24 22:18:05,236 [Worker-138] INFO  o.e.m.c.i.e.AbstractTransferListenerAdapter - Downloading http://repo.maven.apache.org/maven2/org/apache/tiles/tiles-autotag-core-runtime/1.1.0/tiles-autotag-core-runtime-1.1.0.pom
2017-02-24 22:18:05,269 [Worker-138] INFO  o.e.m.c.i.e.AbstractTransferListenerAdapter - Downloaded http://repo.maven.apache.org/maven2/org/apache/tiles/tiles-autotag-core-runtime/1.1.0/tiles-autotag-core-runtime-1.1.0.pom
2017-02-24 22:18:05,293 [Worker-138] INFO  o.e.m.c.i.e.AbstractTransferListenerAdapter - Downloading http://repo.maven.apache.org/maven2/org/apache/tiles/tiles-autotag/1.1.0/tiles-autotag-1.1.0.pom
2017-02-24 22:18:05,325 [Worker-138] INFO  o.e.m.c.i.e.AbstractTransferListenerAdapter - Downloaded http://repo.maven.apache.org/maven2/org/apache/tiles/tiles-autotag/1.1.0/tiles-autotag-1.1.0.pom
2017-02-24 22:18:05,349 [Worker-138] INFO  o.e.m.c.i.e.AbstractTransferListenerAdapter - Downloading http://repo.maven.apache.org/maven2/org/apache/tiles/tiles-master/4/tiles-master-4.pom
2017-02-24 22:18:05,385 [Worker-138] INFO  o.e.m.c.i.e.AbstractTransferListenerAdapter - Downloaded http://repo.maven.apache.org/maven2/org/apache/tiles/tiles-master/4/tiles-master-4.pom
2017-02-24 22:18:05,413 [Worker-138] INFO  o.e.m.c.i.e.AbstractTransferListenerAdapter - Downloading http://repo.maven.apache.org/maven2/org/apache/tiles/tiles-request-jsp/1.0.6/tiles-request-jsp-1.0.6.pom
2017-02-24 22:18:05,449 [Worker-138] INFO  o.e.m.c.i.e.AbstractTransferListenerAdapter - Downloaded http://repo.maven.apache.org/maven2/org/apache/tiles/tiles-request-jsp/1.0.6/tiles-request-jsp-1.0.6.pom
2017-02-24 22:18:05,548 [Worker-138] INFO  o.e.m.c.i.e.AbstractTransferListenerAdapter - Downloading http://repo.maven.apache.org/maven2/jstl/jstl/1.2/jstl-1.2.jar
2017-02-24 22:18:05,649 [Worker-138] INFO  o.e.m.c.i.e.AbstractTransferListenerAdapter - Downloaded http://repo.maven.apache.org/maven2/jstl/jstl/1.2/jstl-1.2.jar
2017-02-24 22:18:05,665 [Worker-138] INFO  o.e.m.c.i.e.AbstractTransferListenerAdapter - Downloading http://repo.maven.apache.org/maven2/javax/validation/validation-api/1.1.0.Final/validation-api-1.1.0.Final.jar
2017-02-24 22:18:05,708 [Worker-138] INFO  o.e.m.c.i.e.AbstractTransferListenerAdapter - Downloaded http://repo.maven.apache.org/maven2/javax/validation/validation-api/1.1.0.Final/validation-api-1.1.0.Final.jar
2017-02-24 22:18:05,741 [Worker-138] INFO  o.e.m.c.i.e.AbstractTransferListenerAdapter - Downloading http://repo.maven.apache.org/maven2/org/hibernate/hibernate-validator/5.1.0.Final/hibernate-validator-5.1.0.Final.jar
2017-02-24 22:18:05,882 [Worker-138] INFO  o.e.m.c.i.e.AbstractTransferListenerAdapter - Downloaded http://repo.maven.apache.org/maven2/org/hibernate/hibernate-validator/5.1.0.Final/hibernate-validator-5.1.0.Final.jar
2017-02-24 22:18:05,894 [Worker-138] INFO  o.e.m.c.i.e.AbstractTransferListenerAdapter - Downloading http://repo.maven.apache.org/maven2/org/jboss/logging/jboss-logging/3.1.3.GA/jboss-logging-3.1.3.GA.jar
2017-02-24 22:18:05,946 [Worker-138] INFO  o.e.m.c.i.e.AbstractTransferListenerAdapter - Downloaded http://repo.maven.apache.org/maven2/org/jboss/logging/jboss-logging/3.1.3.GA/jboss-logging-3.1.3.GA.jar
2017-02-24 22:18:05,962 [Worker-138] INFO  o.e.m.c.i.e.AbstractTransferListenerAdapter - Downloading http://repo.maven.apache.org/maven2/com/fasterxml/classmate/1.0.0/classmate-1.0.0.jar
2017-02-24 22:18:06,006 [Worker-138] INFO  o.e.m.c.i.e.AbstractTransferListenerAdapter - Downloaded http://repo.maven.apache.org/maven2/com/fasterxml/classmate/1.0.0/classmate-1.0.0.jar
2017-02-24 22:18:06,030 [Worker-138] INFO  o.e.m.c.i.e.AbstractTransferListenerAdapter - Downloading http://repo.maven.apache.org/maven2/org/springframework/spring-core/4.2.2.RELEASE/spring-core-4.2.2.RELEASE.jar
2017-02-24 22:18:06,287 [Worker-138] INFO  o.e.m.c.i.e.AbstractTransferListenerAdapter - Downloaded http://repo.maven.apache.org/maven2/org/springframework/spring-core/4.2.2.RELEASE/spring-core-4.2.2.RELEASE.jar
2017-02-24 22:18:06,299 [Worker-138] INFO  o.e.m.c.i.e.AbstractTransferListenerAdapter - Downloading http://repo.maven.apache.org/maven2/commons-logging/commons-logging/1.2/commons-logging-1.2.jar
2017-02-24 22:18:06,350 [Worker-138] INFO  o.e.m.c.i.e.AbstractTransferListenerAdapter - Downloaded http://repo.maven.apache.org/maven2/commons-logging/commons-logging/1.2/commons-logging-1.2.jar
2017-02-24 22:18:06,375 [Worker-138] INFO  o.e.m.c.i.e.AbstractTransferListenerAdapter - Downloading http://repo.maven.apache.org/maven2/org/springframework/spring-web/4.2.2.RELEASE/spring-web-4.2.2.RELEASE.jar
2017-02-24 22:18:06,552 [Worker-138] INFO  o.e.m.c.i.e.AbstractTransferListenerAdapter - Downloaded http://repo.maven.apache.org/maven2/org/springframework/spring-web/4.2.2.RELEASE/spring-web-4.2.2.RELEASE.jar
2017-02-24 22:18:06,572 [Worker-138] INFO  o.e.m.c.i.e.AbstractTransferListenerAdapter - Downloading http://repo.maven.apache.org/maven2/org/springframework/spring-aop/4.2.2.RELEASE/spring-aop-4.2.2.RELEASE.jar
2017-02-24 22:18:06,724 [Worker-138] INFO  o.e.m.c.i.e.AbstractTransferListenerAdapter - Downloaded http://repo.maven.apache.org/maven2/org/springframework/spring-aop/4.2.2.RELEASE/spring-aop-4.2.2.RELEASE.jar
2017-02-24 22:18:06,738 [Worker-138] INFO  o.e.m.c.i.e.AbstractTransferListenerAdapter - Downloading http://repo.maven.apache.org/maven2/aopalliance/aopalliance/1.0/aopalliance-1.0.jar
2017-02-24 22:18:06,784 [Worker-138] INFO  o.e.m.c.i.e.AbstractTransferListenerAdapter - Downloaded http://repo.maven.apache.org/maven2/aopalliance/aopalliance/1.0/aopalliance-1.0.jar
2017-02-24 22:18:06,800 [Worker-138] INFO  o.e.m.c.i.e.AbstractTransferListenerAdapter - Downloading http://repo.maven.apache.org/maven2/org/springframework/spring-beans/4.2.2.RELEASE/spring-beans-4.2.2.RELEASE.jar
2017-02-24 22:18:07,068 [Worker-138] INFO  o.e.m.c.i.e.AbstractTransferListenerAdapter - Downloaded http://repo.maven.apache.org/maven2/org/springframework/spring-beans/4.2.2.RELEASE/spring-beans-4.2.2.RELEASE.jar
2017-02-24 22:18:07,102 [Worker-138] INFO  o.e.m.c.i.e.AbstractTransferListenerAdapter - Downloading http://repo.maven.apache.org/maven2/org/springframework/spring-context/4.2.2.RELEASE/spring-context-4.2.2.RELEASE.jar
2017-02-24 22:18:07,261 [Worker-138] INFO  o.e.m.c.i.e.AbstractTransferListenerAdapter - Downloaded http://repo.maven.apache.org/maven2/org/springframework/spring-context/4.2.2.RELEASE/spring-context-4.2.2.RELEASE.jar
2017-02-24 22:18:07,277 [Worker-138] INFO  o.e.m.c.i.e.AbstractTransferListenerAdapter - Downloading http://repo.maven.apache.org/maven2/javax/servlet/jsp/jsp-api/2.1/jsp-api-2.1.jar
2017-02-24 22:18:07,317 [Worker-138] INFO  o.e.m.c.i.e.AbstractTransferListenerAdapter - Downloaded http://repo.maven.apache.org/maven2/javax/servlet/jsp/jsp-api/2.1/jsp-api-2.1.jar
2017-02-24 22:18:07,342 [Worker-138] INFO  o.e.m.c.i.e.AbstractTransferListenerAdapter - Downloading http://repo.maven.apache.org/maven2/org/springframework/spring-webmvc/4.2.2.RELEASE/spring-webmvc-4.2.2.RELEASE.jar
2017-02-24 22:18:07,473 [Worker-138] INFO  o.e.m.c.i.e.AbstractTransferListenerAdapter - Downloaded http://repo.maven.apache.org/maven2/org/springframework/spring-webmvc/4.2.2.RELEASE/spring-webmvc-4.2.2.RELEASE.jar
2017-02-24 22:18:07,493 [Worker-138] INFO  o.e.m.c.i.e.AbstractTransferListenerAdapter - Downloading http://repo.maven.apache.org/maven2/org/springframework/spring-expression/4.2.2.RELEASE/spring-expression-4.2.2.RELEASE.jar
2017-02-24 22:18:07,561 [Worker-138] INFO  o.e.m.c.i.e.AbstractTransferListenerAdapter - Downloaded http://repo.maven.apache.org/maven2/org/springframework/spring-expression/4.2.2.RELEASE/spring-expression-4.2.2.RELEASE.jar
2017-02-24 22:18:07,585 [Worker-138] INFO  o.e.m.c.i.e.AbstractTransferListenerAdapter - Downloading http://repo.maven.apache.org/maven2/org/springframework/spring-test/4.2.2.RELEASE/spring-test-4.2.2.RELEASE.jar
2017-02-24 22:18:07,685 [Worker-138] INFO  o.e.m.c.i.e.AbstractTransferListenerAdapter - Downloaded http://repo.maven.apache.org/maven2/org/springframework/spring-test/4.2.2.RELEASE/spring-test-4.2.2.RELEASE.jar
2017-02-24 22:18:07,697 [Worker-138] INFO  o.e.m.c.i.e.AbstractTransferListenerAdapter - Downloading http://repo.maven.apache.org/maven2/junit/junit/4.11/junit-4.11.jar
2017-02-24 22:18:07,770 [Worker-138] INFO  o.e.m.c.i.e.AbstractTransferListenerAdapter - Downloaded http://repo.maven.apache.org/maven2/junit/junit/4.11/junit-4.11.jar
2017-02-24 22:18:07,782 [Worker-138] INFO  o.e.m.c.i.e.AbstractTransferListenerAdapter - Downloading http://repo.maven.apache.org/maven2/org/hamcrest/hamcrest-core/1.3/hamcrest-core-1.3.jar
2017-02-24 22:18:07,814 [Worker-138] INFO  o.e.m.c.i.e.AbstractTransferListenerAdapter - Downloaded http://repo.maven.apache.org/maven2/org/hamcrest/hamcrest-core/1.3/hamcrest-core-1.3.jar
2017-02-24 22:18:07,830 [Worker-138] INFO  o.e.m.c.i.e.AbstractTransferListenerAdapter - Downloading http://repo.maven.apache.org/maven2/org/apache/tiles/tiles-core/3.0.5/tiles-core-3.0.5.jar
2017-02-24 22:18:07,870 [Worker-138] INFO  o.e.m.c.i.e.AbstractTransferListenerAdapter - Downloaded http://repo.maven.apache.org/maven2/org/apache/tiles/tiles-core/3.0.5/tiles-core-3.0.5.jar
2017-02-24 22:18:07,882 [Worker-138] INFO  o.e.m.c.i.e.AbstractTransferListenerAdapter - Downloading http://repo.maven.apache.org/maven2/commons-digester/commons-digester/2.0/commons-digester-2.0.jar
2017-02-24 22:18:07,934 [Worker-138] INFO  o.e.m.c.i.e.AbstractTransferListenerAdapter - Downloaded http://repo.maven.apache.org/maven2/commons-digester/commons-digester/2.0/commons-digester-2.0.jar
2017-02-24 22:18:07,948 [Worker-138] INFO  o.e.m.c.i.e.AbstractTransferListenerAdapter - Downloading http://repo.maven.apache.org/maven2/commons-beanutils/commons-beanutils/1.8.0/commons-beanutils-1.8.0.jar
2017-02-24 22:18:08,024 [Worker-138] INFO  o.e.m.c.i.e.AbstractTransferListenerAdapter - Downloaded http://repo.maven.apache.org/maven2/commons-beanutils/commons-beanutils/1.8.0/commons-beanutils-1.8.0.jar
2017-02-24 22:18:08,045 [Worker-138] INFO  o.e.m.c.i.e.AbstractTransferListenerAdapter - Downloading http://repo.maven.apache.org/maven2/org/slf4j/jcl-over-slf4j/1.7.6/jcl-over-slf4j-1.7.6.jar
2017-02-24 22:18:08,074 [Worker-138] INFO  o.e.m.c.i.e.AbstractTransferListenerAdapter - Downloaded http://repo.maven.apache.org/maven2/org/slf4j/jcl-over-slf4j/1.7.6/jcl-over-slf4j-1.7.6.jar
2017-02-24 22:18:08,090 [Worker-138] INFO  o.e.m.c.i.e.AbstractTransferListenerAdapter - Downloading http://repo.maven.apache.org/maven2/org/slf4j/slf4j-api/1.7.6/slf4j-api-1.7.6.jar
2017-02-24 22:18:08,130 [Worker-138] INFO  o.e.m.c.i.e.AbstractTransferListenerAdapter - Downloaded http://repo.maven.apache.org/maven2/org/slf4j/slf4j-api/1.7.6/slf4j-api-1.7.6.jar
2017-02-24 22:18:08,146 [Worker-138] INFO  o.e.m.c.i.e.AbstractTransferListenerAdapter - Downloading http://repo.maven.apache.org/maven2/org/apache/tiles/tiles-jsp/3.0.5/tiles-jsp-3.0.5.jar
2017-02-24 22:18:08,186 [Worker-138] INFO  o.e.m.c.i.e.AbstractTransferListenerAdapter - Downloaded http://repo.maven.apache.org/maven2/org/apache/tiles/tiles-jsp/3.0.5/tiles-jsp-3.0.5.jar
2017-02-24 22:18:08,210 [Worker-138] INFO  o.e.m.c.i.e.AbstractTransferListenerAdapter - Downloading http://repo.maven.apache.org/maven2/org/apache/tiles/tiles-request-jsp/1.0.6/tiles-request-jsp-1.0.6.jar
2017-02-24 22:18:08,251 [Worker-138] INFO  o.e.m.c.i.e.AbstractTransferListenerAdapter - Downloaded http://repo.maven.apache.org/maven2/org/apache/tiles/tiles-request-jsp/1.0.6/tiles-request-jsp-1.0.6.jar
2017-02-24 22:18:08,262 [Worker-138] INFO  o.e.m.c.i.e.AbstractTransferListenerAdapter - Downloading http://repo.maven.apache.org/maven2/org/apache/tiles/tiles-api/3.0.5/tiles-api-3.0.5.jar
2017-02-24 22:18:08,298 [Worker-138] INFO  o.e.m.c.i.e.AbstractTransferListenerAdapter - Downloaded http://repo.maven.apache.org/maven2/org/apache/tiles/tiles-api/3.0.5/tiles-api-3.0.5.jar
2017-02-24 22:18:08,310 [Worker-138] INFO  o.e.m.c.i.e.AbstractTransferListenerAdapter - Downloading http://repo.maven.apache.org/maven2/org/apache/tiles/tiles-request-api/1.0.6/tiles-request-api-1.0.6.jar
2017-02-24 22:18:08,362 [Worker-138] INFO  o.e.m.c.i.e.AbstractTransferListenerAdapter - Downloaded http://repo.maven.apache.org/maven2/org/apache/tiles/tiles-request-api/1.0.6/tiles-request-api-1.0.6.jar
2017-02-24 22:18:08,378 [Worker-138] INFO  o.e.m.c.i.e.AbstractTransferListenerAdapter - Downloading http://repo.maven.apache.org/maven2/org/apache/tiles/tiles-servlet/3.0.5/tiles-servlet-3.0.5.jar
2017-02-24 22:18:08,414 [Worker-138] INFO  o.e.m.c.i.e.AbstractTransferListenerAdapter - Downloaded http://repo.maven.apache.org/maven2/org/apache/tiles/tiles-servlet/3.0.5/tiles-servlet-3.0.5.jar
2017-02-24 22:18:08,430 [Worker-138] INFO  o.e.m.c.i.e.AbstractTransferListenerAdapter - Downloading http://repo.maven.apache.org/maven2/org/apache/tiles/tiles-request-servlet/1.0.6/tiles-request-servlet-1.0.6.jar
2017-02-24 22:18:08,466 [Worker-138] INFO  o.e.m.c.i.e.AbstractTransferListenerAdapter - Downloaded http://repo.maven.apache.org/maven2/org/apache/tiles/tiles-request-servlet/1.0.6/tiles-request-servlet-1.0.6.jar
2017-02-24 22:18:08,478 [Worker-138] INFO  o.e.m.c.i.e.AbstractTransferListenerAdapter - Downloading http://repo.maven.apache.org/maven2/org/apache/tiles/tiles-template/3.0.5/tiles-template-3.0.5.jar
2017-02-24 22:18:08,519 [Worker-138] INFO  o.e.m.c.i.e.AbstractTransferListenerAdapter - Downloaded http://repo.maven.apache.org/maven2/org/apache/tiles/tiles-template/3.0.5/tiles-template-3.0.5.jar
2017-02-24 22:18:08,535 [Worker-138] INFO  o.e.m.c.i.e.AbstractTransferListenerAdapter - Downloading http://repo.maven.apache.org/maven2/org/apache/tiles/tiles-autotag-core-runtime/1.1.0/tiles-autotag-core-runtime-1.1.0.jar
2017-02-24 22:18:08,566 [Worker-138] INFO  o.e.m.c.i.e.AbstractTransferListenerAdapter - Downloaded http://repo.maven.apache.org/maven2/org/apache/tiles/tiles-autotag-core-runtime/1.1.0/tiles-autotag-core-runtime-1.1.0.jar
2017-02-24 22:18:08,823 [Worker-138] WARN  o.e.m.c.i.embedder.EclipseLogger - Failed to dispatch repository event to org.eclipse.m2e.core.internal.embedder.EclipseRepositoryListener: null
2017-02-24 22:18:09,664 [Worker-138] WARN  o.e.m.c.i.embedder.EclipseLogger - Failed to dispatch repository event to org.eclipse.m2e.core.internal.embedder.EclipseRepositoryListener: null
2017-02-24 22:18:10,642 [Worker-138] WARN  o.e.m.c.i.embedder.EclipseLogger - Failed to dispatch repository event to org.eclipse.m2e.core.internal.embedder.EclipseRepositoryListener: null
2017-02-24 22:18:11,726 [Worker-138] WARN  o.e.m.c.i.embedder.EclipseLogger - Failed to dispatch repository event to org.eclipse.m2e.core.internal.embedder.EclipseRepositoryListener: null
2017-02-24 22:18:12,643 [Worker-138] WARN  o.e.m.c.i.embedder.EclipseLogger - Failed to dispatch repository event to org.eclipse.m2e.core.internal.embedder.EclipseRepositoryListener: null
2017-02-24 22:18:13,711 [Worker-138] WARN  o.e.m.c.i.embedder.EclipseLogger - Failed to dispatch repository event to org.eclipse.m2e.core.internal.embedder.EclipseRepositoryListener: null
2017-02-24 22:18:14,867 [Worker-138] WARN  o.e.m.c.i.embedder.EclipseLogger - Failed to dispatch repository event to org.eclipse.m2e.core.internal.embedder.EclipseRepositoryListener: null
2017-02-24 22:18:15,323 [Worker-138] INFO  o.e.m.c.i.l.LifecycleMappingFactory - Using org.maven.ide.eclipse.wtp.WarLifecycleMapping lifecycle mapping for MavenProject: com.bellinf.batch4:bacth4-servlets-jdbc-program:0.0.1-SNAPSHOT @ C:\Users\deept\Downloads\Java\bacth4-servlets-jdbc-program-master\bacth4-servlets-jdbc-program-master\pom.xml.
2017-02-24 22:18:15,379 [Worker-138] INFO  o.e.m.c.i.l.LifecycleMappingFactory - Using org.maven.ide.eclipse.wtp.WarLifecycleMapping lifecycle mapping for MavenProject: com.deepu.mvc:mvcapp:0.0.1-SNAPSHOT @ C:\Users\deept\workspace\mvcapp\pom.xml.
2017-02-24 22:18:15,759 [Worker-138] INFO  o.e.m.j.i.AbstractJavaProjectConfigurator - Adding source folder /bellinfo-mvc-flow/src/main/java
2017-02-24 22:18:15,759 [Worker-138] INFO  o.e.m.j.i.AbstractJavaProjectConfigurator - Adding resource folder /bellinfo-mvc-flow/src/main/resources
2017-02-24 22:18:15,764 [Worker-138] INFO  o.e.m.j.i.AbstractJavaProjectConfigurator - Adding source folder /bellinfo-mvc-flow/src/test/java
2017-02-24 22:18:16,136 [Worker-138] INFO  o.e.m.c.i.p.ProjectConfigurationManager - Imported and configured 1 project(s) in 14 sec
2017-02-24 22:18:16,406 [Worker-137] WARN  o.e.m.c.i.embedder.EclipseLogger - Using platform encoding (Cp1252 actually) to copy filtered resources, i.e. build is platform dependent!
2017-02-24 22:18:16,406 [Worker-137] INFO  o.e.m.c.i.embedder.EclipseLogger - skip non existing resourceDirectory C:\Users\deept\Downloads\Java\bacth4-servlets-jdbc-program-master\bacth4-servlets-jdbc-program-master\src\main\resources
2017-02-24 22:18:16,406 [Worker-137] WARN  o.e.m.c.i.embedder.EclipseLogger - Using platform encoding (Cp1252 actually) to copy filtered resources, i.e. build is platform dependent!
2017-02-24 22:18:16,410 [Worker-137] INFO  o.e.m.c.i.embedder.EclipseLogger - skip non existing resourceDirectory C:\Users\deept\Downloads\Java\bacth4-servlets-jdbc-program-master\bacth4-servlets-jdbc-program-master\src\test\resources
2017-02-24 22:18:16,555 [Worker-137] INFO  o.e.m.c.i.l.LifecycleMappingFactory - Using org.maven.ide.eclipse.wtp.WarLifecycleMapping lifecycle mapping for MavenProject: com.bellinf.batch4.mvc:bellinfo-mvc-flow:0.0.1-SNAPSHOT @ C:\Users\deept\Downloads\Java\bellinfo-mvc-flow-master\bellinfo-mvc-flow-master\pom.xml.
2017-02-24 22:18:17,593 [Worker-137] INFO  o.e.m.c.i.embedder.EclipseLogger - Using 'UTF-8' encoding to copy filtered resources.
2017-02-24 22:18:17,594 [Worker-137] INFO  o.e.m.c.i.embedder.EclipseLogger - Copying 1 resource
2017-02-24 22:18:17,604 [Worker-137] INFO  o.e.m.c.i.embedder.EclipseLogger - Using 'UTF-8' encoding to copy filtered resources.
2017-02-24 22:18:17,604 [Worker-137] INFO  o.e.m.c.i.embedder.EclipseLogger - skip non existing resourceDirectory C:\Users\deept\Downloads\Java\bellinfo-mvc-flow-master\bellinfo-mvc-flow-master\src\test\resources
2017-02-24 22:18:17,749 [Worker-130] INFO  o.e.m.c.i.l.LifecycleMappingFactory - Using org.maven.ide.eclipse.wtp.WarLifecycleMapping lifecycle mapping for MavenProject: com.bellinf.batch4.mvc:bellinfo-mvc-flow:0.0.1-SNAPSHOT @ C:\Users\deept\Downloads\Java\bellinfo-mvc-flow-master\bellinfo-mvc-flow-master\pom.xml.
2017-02-24 22:18:17,981 [Worker-138] INFO  o.e.m.c.i.l.LifecycleMappingFactory - Using org.maven.ide.eclipse.wtp.WarLifecycleMapping lifecycle mapping for MavenProject: com.bellinf.batch4.mvc:bellinfo-mvc-flow:0.0.1-SNAPSHOT @ C:\Users\deept\Downloads\Java\bellinfo-mvc-flow-master\bellinfo-mvc-flow-master\pom.xml.
2017-02-24 22:18:18,773 [Worker-138] INFO  o.e.m.c.i.embedder.EclipseLogger - Using 'UTF-8' encoding to copy filtered resources.
2017-02-24 22:18:18,774 [Worker-138] INFO  o.e.m.c.i.embedder.EclipseLogger - Copying 0 resource
2017-02-24 22:18:18,774 [Worker-138] INFO  o.e.m.c.i.embedder.EclipseLogger - Using 'UTF-8' encoding to copy filtered resources.
2017-02-24 22:18:18,775 [Worker-138] INFO  o.e.m.c.i.embedder.EclipseLogger - skip non existing resourceDirectory C:\Users\deept\Downloads\Java\bellinfo-mvc-flow-master\bellinfo-mvc-flow-master\src\test\resources
2017-02-24 22:18:19,055 [Worker-139] WARN  o.e.m.c.i.embedder.EclipseLogger - Using platform encoding (Cp1252 actually) to copy filtered resources, i.e. build is platform dependent!
2017-02-24 22:18:19,059 [Worker-139] INFO  o.e.m.c.i.embedder.EclipseLogger - Copying 0 resource
2017-02-24 22:18:19,059 [Worker-139] WARN  o.e.m.c.i.embedder.EclipseLogger - Using platform encoding (Cp1252 actually) to copy filtered resources, i.e. build is platform dependent!
2017-02-24 22:18:19,059 [Worker-139] INFO  o.e.m.c.i.embedder.EclipseLogger - skip non existing resourceDirectory C:\Users\deept\workspace\mvcapp\src\test\resources
2017-02-24 22:18:19,933 [Worker-137] INFO  o.e.m.c.i.l.LifecycleMappingFactory - Using org.maven.ide.eclipse.wtp.WarLifecycleMapping lifecycle mapping for MavenProject: com.bellinf.batch4.mvc:bellinfo-mvc-flow:0.0.1-SNAPSHOT @ C:\Users\deept\Downloads\Java\bellinfo-mvc-flow-master\bellinfo-mvc-flow-master\pom.xml.
2017-02-24 22:18:21,596 [Worker-134] INFO  o.e.m.c.i.embedder.EclipseLogger - Using 'UTF-8' encoding to copy filtered resources.
2017-02-24 22:18:21,597 [Worker-134] INFO  o.e.m.c.i.embedder.EclipseLogger - Copying 0 resource
2017-02-24 22:18:21,598 [Worker-134] INFO  o.e.m.c.i.embedder.EclipseLogger - Using 'UTF-8' encoding to copy filtered resources.
2017-02-24 22:18:21,598 [Worker-134] INFO  o.e.m.c.i.embedder.EclipseLogger - skip non existing resourceDirectory C:\Users\deept\Downloads\Java\bellinfo-mvc-flow-master\bellinfo-mvc-flow-master\src\test\resources
2017-02-24 22:21:58,466 [main] INFO  o.e.m2e.actions.ExecutePomAction - Creating new launch configuration
2017-02-24 22:22:10,558 [Worker-142] INFO  o.e.m.i.launch.MavenLaunchDelegate - C:\Users\deept\Downloads\Java\bellinfo-mvc-flow-master\bellinfo-mvc-flow-master
2017-02-24 22:22:10,558 [Worker-142] INFO  o.e.m.i.launch.MavenLaunchDelegate -  mvn  -B clean install
2017-02-24 22:36:43,889 [Worker-145] WARN  o.e.m.c.i.embedder.EclipseLogger - Using platform encoding (Cp1252 actually) to copy filtered resources, i.e. build is platform dependent!
2017-02-24 22:36:43,892 [Worker-145] INFO  o.e.m.c.i.embedder.EclipseLogger - skip non existing resourceDirectory C:\Users\deept\Downloads\Java\bacth4-servlets-jdbc-program-master\bacth4-servlets-jdbc-program-master\src\main\resources
2017-02-24 22:36:43,895 [Worker-145] WARN  o.e.m.c.i.embedder.EclipseLogger - Using platform encoding (Cp1252 actually) to copy filtered resources, i.e. build is platform dependent!
2017-02-24 22:36:43,898 [Worker-145] INFO  o.e.m.c.i.embedder.EclipseLogger - skip non existing resourceDirectory C:\Users\deept\Downloads\Java\bacth4-servlets-jdbc-program-master\bacth4-servlets-jdbc-program-master\src\test\resources
2017-02-24 22:36:43,933 [Worker-145] INFO  o.e.m.c.i.embedder.EclipseLogger - Using 'UTF-8' encoding to copy filtered resources.
2017-02-24 22:36:43,934 [Worker-145] INFO  o.e.m.c.i.embedder.EclipseLogger - Copying 0 resource
2017-02-24 22:36:43,938 [Worker-145] INFO  o.e.m.c.i.embedder.EclipseLogger - Using 'UTF-8' encoding to copy filtered resources.
2017-02-24 22:36:43,939 [Worker-145] INFO  o.e.m.c.i.embedder.EclipseLogger - skip non existing resourceDirectory C:\Users\deept\Downloads\Java\bellinfo-mvc-flow-master\bellinfo-mvc-flow-master\src\test\resources
2017-02-24 22:36:47,451 [Worker-146] INFO  o.e.m.c.i.embedder.EclipseLogger - Using 'UTF-8' encoding to copy filtered resources.
2017-02-24 22:36:47,458 [Worker-146] INFO  o.e.m.c.i.embedder.EclipseLogger - Copying 1 resource
2017-02-24 22:36:47,460 [Worker-146] INFO  o.e.m.c.i.embedder.EclipseLogger - Using 'UTF-8' encoding to copy filtered resources.
2017-02-24 22:36:47,460 [Worker-146] INFO  o.e.m.c.i.embedder.EclipseLogger - skip non existing resourceDirectory C:\Users\deept\Downloads\Java\bellinfo-mvc-flow-master\bellinfo-mvc-flow-master\src\test\resources
2017-02-25 08:43:06,226 [Worker-7] WARN  o.e.m.c.i.embedder.EclipseLogger - Using platform encoding (Cp1252 actually) to copy filtered resources, i.e. build is platform dependent!
2017-02-25 08:43:06,296 [Worker-7] INFO  o.e.m.c.i.embedder.EclipseLogger - skip non existing resourceDirectory C:\Users\deept\Downloads\Java\bacth4-servlets-jdbc-program-master\bacth4-servlets-jdbc-program-master\src\main\resources
2017-02-25 08:43:06,303 [Worker-7] WARN  o.e.m.c.i.embedder.EclipseLogger - Using platform encoding (Cp1252 actually) to copy filtered resources, i.e. build is platform dependent!
2017-02-25 08:43:06,308 [Worker-7] INFO  o.e.m.c.i.embedder.EclipseLogger - skip non existing resourceDirectory C:\Users\deept\Downloads\Java\bacth4-servlets-jdbc-program-master\bacth4-servlets-jdbc-program-master\src\test\resources
2017-02-25 08:43:11,396 [Worker-7] INFO  o.e.m.c.i.embedder.EclipseLogger - Using 'UTF-8' encoding to copy filtered resources.
2017-02-25 08:43:11,487 [Worker-7] INFO  o.e.m.c.i.embedder.EclipseLogger - Copying 1 resource
2017-02-25 08:43:11,502 [Worker-7] INFO  o.e.m.c.i.embedder.EclipseLogger - Using 'UTF-8' encoding to copy filtered resources.
2017-02-25 08:43:11,503 [Worker-7] INFO  o.e.m.c.i.embedder.EclipseLogger - skip non existing resourceDirectory C:\Users\deept\Downloads\Java\bellinfo-mvc-flow-master\bellinfo-mvc-flow-master\src\test\resources
2017-02-25 16:21:59,279 [Worker-102] INFO  o.e.m.c.i.embedder.EclipseLogger - Using 'UTF-8' encoding to copy filtered resources.
2017-02-25 16:21:59,287 [Worker-102] INFO  o.e.m.c.i.embedder.EclipseLogger - Copying 1 resource
2017-02-25 16:21:59,289 [Worker-102] INFO  o.e.m.c.i.embedder.EclipseLogger - Using 'UTF-8' encoding to copy filtered resources.
2017-02-25 16:21:59,289 [Worker-102] INFO  o.e.m.c.i.embedder.EclipseLogger - skip non existing resourceDirectory C:\Users\deept\Downloads\Java\bellinfo-mvc-flow-master\bellinfo-mvc-flow-master\src\test\resources
2017-02-25 16:28:42,383 [Worker-100] INFO  o.e.m.c.i.embedder.EclipseLogger - Using 'UTF-8' encoding to copy filtered resources.
2017-02-25 16:28:42,385 [Worker-100] INFO  o.e.m.c.i.embedder.EclipseLogger - Copying 1 resource
2017-02-25 16:28:42,387 [Worker-100] INFO  o.e.m.c.i.embedder.EclipseLogger - Using 'UTF-8' encoding to copy filtered resources.
2017-02-25 16:28:42,387 [Worker-100] INFO  o.e.m.c.i.embedder.EclipseLogger - skip non existing resourceDirectory C:\Users\deept\Downloads\Java\bellinfo-mvc-flow-master\bellinfo-mvc-flow-master\src\test\resources
2017-02-25 16:28:50,461 [Worker-105] INFO  o.e.m.c.i.embedder.EclipseLogger - Using 'UTF-8' encoding to copy filtered resources.
2017-02-25 16:28:50,461 [Worker-105] INFO  o.e.m.c.i.embedder.EclipseLogger - Copying 1 resource
2017-02-25 16:28:50,463 [Worker-105] INFO  o.e.m.c.i.embedder.EclipseLogger - Using 'UTF-8' encoding to copy filtered resources.
2017-02-25 16:28:50,463 [Worker-105] INFO  o.e.m.c.i.embedder.EclipseLogger - skip non existing resourceDirectory C:\Users\deept\Downloads\Java\bellinfo-mvc-flow-master\bellinfo-mvc-flow-master\src\test\resources
2017-02-25 16:47:26,083 [Worker-119] INFO  o.e.m.c.i.embedder.EclipseLogger - Using 'UTF-8' encoding to copy filtered resources.
2017-02-25 16:47:26,084 [Worker-119] INFO  o.e.m.c.i.embedder.EclipseLogger - Copying 0 resource
2017-02-25 16:47:26,087 [Worker-119] INFO  o.e.m.c.i.embedder.EclipseLogger - Using 'UTF-8' encoding to copy filtered resources.
2017-02-25 16:47:26,087 [Worker-119] INFO  o.e.m.c.i.embedder.EclipseLogger - skip non existing resourceDirectory C:\Users\deept\Downloads\Java\bellinfo-mvc-flow-master\bellinfo-mvc-flow-master\src\test\resources
2017-02-25 16:48:19,726 [Worker-123] INFO  o.e.m.c.i.embedder.EclipseLogger - Using 'UTF-8' encoding to copy filtered resources.
2017-02-25 16:48:19,727 [Worker-123] INFO  o.e.m.c.i.embedder.EclipseLogger - Copying 0 resource
2017-02-25 16:48:19,728 [Worker-123] INFO  o.e.m.c.i.embedder.EclipseLogger - Using 'UTF-8' encoding to copy filtered resources.
2017-02-25 16:48:19,729 [Worker-123] INFO  o.e.m.c.i.embedder.EclipseLogger - skip non existing resourceDirectory C:\Users\deept\Downloads\Java\bellinfo-mvc-flow-master\bellinfo-mvc-flow-master\src\test\resources
2017-02-25 16:48:26,141 [Worker-121] INFO  o.e.m.c.i.embedder.EclipseLogger - Using 'UTF-8' encoding to copy filtered resources.
2017-02-25 16:48:26,143 [Worker-121] INFO  o.e.m.c.i.embedder.EclipseLogger - Copying 0 resource
2017-02-25 16:48:26,147 [Worker-121] INFO  o.e.m.c.i.embedder.EclipseLogger - Using 'UTF-8' encoding to copy filtered resources.
2017-02-25 16:48:26,148 [Worker-121] INFO  o.e.m.c.i.embedder.EclipseLogger - skip non existing resourceDirectory C:\Users\deept\Downloads\Java\bellinfo-mvc-flow-master\bellinfo-mvc-flow-master\src\test\resources
2017-02-25 16:59:06,834 [Worker-130] INFO  o.e.m.c.i.embedder.EclipseLogger - Using 'UTF-8' encoding to copy filtered resources.
2017-02-25 16:59:06,850 [Worker-130] INFO  o.e.m.c.i.embedder.EclipseLogger - Copying 0 resource
2017-02-25 16:59:06,854 [Worker-130] INFO  o.e.m.c.i.embedder.EclipseLogger - Using 'UTF-8' encoding to copy filtered resources.
2017-02-25 16:59:06,854 [Worker-130] INFO  o.e.m.c.i.embedder.EclipseLogger - skip non existing resourceDirectory C:\Users\deept\Downloads\Java\bellinfo-mvc-flow-master\bellinfo-mvc-flow-master\src\test\resources
2017-02-25 17:32:46,322 [main] INFO  o.e.m2e.actions.ExecutePomAction - Creating new launch configuration
2017-02-25 17:32:55,008 [Worker-107] INFO  o.e.m.i.launch.MavenLaunchDelegate - C:\Users\deept\Downloads\Java\bellinfo-mvc-flow-master\bellinfo-mvc-flow-master
2017-02-25 17:32:55,008 [Worker-107] INFO  o.e.m.i.launch.MavenLaunchDelegate -  mvn  -B clean install
2017-02-25 17:41:48,249 [Worker-145] INFO  o.e.m.c.i.l.LifecycleMappingFactory - Using org.maven.ide.eclipse.wtp.WarLifecycleMapping lifecycle mapping for MavenProject: com.bellinf.batch4.mvc:bellinfo-mvc-flow:0.0.1-SNAPSHOT @ C:\Users\deept\Downloads\Java\bellinfo-mvc-flow-master\bellinfo-mvc-flow-master\pom.xml.
2017-02-25 17:41:49,598 [Worker-145] INFO  o.e.m.c.i.embedder.EclipseLogger - Using 'UTF-8' encoding to copy filtered resources.
2017-02-25 17:41:49,598 [Worker-145] INFO  o.e.m.c.i.embedder.EclipseLogger - Copying 1 resource
2017-02-25 17:41:49,602 [Worker-145] INFO  o.e.m.c.i.embedder.EclipseLogger - Using 'UTF-8' encoding to copy filtered resources.
2017-02-25 17:41:49,602 [Worker-145] INFO  o.e.m.c.i.embedder.EclipseLogger - skip non existing resourceDirectory C:\Users\deept\Downloads\Java\bellinfo-mvc-flow-master\bellinfo-mvc-flow-master\src\test\resources
2017-02-25 17:41:55,441 [main] INFO  o.e.m2e.actions.ExecutePomAction - Creating new launch configuration
2017-02-25 17:42:07,521 [Worker-148] INFO  o.e.m.i.launch.MavenLaunchDelegate - C:\Users\deept\Downloads\Java\bellinfo-mvc-flow-master\bellinfo-mvc-flow-master
2017-02-25 17:42:07,521 [Worker-148] INFO  o.e.m.i.launch.MavenLaunchDelegate -  mvn  -B -X -e clean install
2017-02-25 17:49:26,932 [Worker-146] WARN  o.e.m.c.i.embedder.EclipseLogger - Using platform encoding (Cp1252 actually) to copy filtered resources, i.e. build is platform dependent!
2017-02-25 17:49:26,936 [Worker-146] INFO  o.e.m.c.i.embedder.EclipseLogger - skip non existing resourceDirectory C:\Users\deept\Downloads\Java\bacth4-servlets-jdbc-program-master\bacth4-servlets-jdbc-program-master\src\main\resources
2017-02-25 17:49:26,936 [Worker-146] WARN  o.e.m.c.i.embedder.EclipseLogger - Using platform encoding (Cp1252 actually) to copy filtered resources, i.e. build is platform dependent!
2017-02-25 17:49:26,936 [Worker-146] INFO  o.e.m.c.i.embedder.EclipseLogger - skip non existing resourceDirectory C:\Users\deept\Downloads\Java\bacth4-servlets-jdbc-program-master\bacth4-servlets-jdbc-program-master\src\test\resources
2017-02-25 17:49:27,387 [Worker-146] INFO  o.e.m.c.i.embedder.EclipseLogger - Using 'UTF-8' encoding to copy filtered resources.
2017-02-25 17:49:27,391 [Worker-146] INFO  o.e.m.c.i.embedder.EclipseLogger - Copying 1 resource
2017-02-25 17:49:27,391 [Worker-146] INFO  o.e.m.c.i.embedder.EclipseLogger - Using 'UTF-8' encoding to copy filtered resources.
2017-02-25 17:49:27,395 [Worker-146] INFO  o.e.m.c.i.embedder.EclipseLogger - skip non existing resourceDirectory C:\Users\deept\Downloads\Java\bellinfo-mvc-flow-master\bellinfo-mvc-flow-master\src\test\resources
2017-02-25 17:49:27,595 [Worker-157] INFO  o.e.m.c.i.embedder.EclipseLogger - Using 'UTF-8' encoding to copy filtered resources.
2017-02-25 17:49:27,595 [Worker-157] INFO  o.e.m.c.i.embedder.EclipseLogger - Copying 0 resource
2017-02-25 17:49:27,599 [Worker-157] INFO  o.e.m.c.i.embedder.EclipseLogger - Using 'UTF-8' encoding to copy filtered resources.
2017-02-25 17:49:27,599 [Worker-157] INFO  o.e.m.c.i.embedder.EclipseLogger - skip non existing resourceDirectory C:\Users\deept\Downloads\Java\bellinfo-mvc-flow-master\bellinfo-mvc-flow-master\src\test\resources
2017-02-25 17:49:35,699 [main] INFO  o.e.m2e.actions.ExecutePomAction - Creating new launch configuration
2017-02-25 17:49:41,163 [Worker-146] INFO  o.e.m.i.launch.MavenLaunchDelegate - C:\Users\deept\Downloads\Java\bellinfo-mvc-flow-master\bellinfo-mvc-flow-master
2017-02-25 17:49:41,163 [Worker-146] INFO  o.e.m.i.launch.MavenLaunchDelegate -  mvn  -B clean install
2017-02-25 17:50:08,838 [Worker-158] INFO  o.e.m.c.i.embedder.EclipseLogger - Using 'UTF-8' encoding to copy filtered resources.
2017-02-25 17:50:08,838 [Worker-158] INFO  o.e.m.c.i.embedder.EclipseLogger - Copying 1 resource
2017-02-25 17:50:08,838 [Worker-158] INFO  o.e.m.c.i.embedder.EclipseLogger - Using 'UTF-8' encoding to copy filtered resources.
2017-02-25 17:50:08,842 [Worker-158] INFO  o.e.m.c.i.embedder.EclipseLogger - skip non existing resourceDirectory C:\Users\deept\Downloads\Java\bellinfo-mvc-flow-master\bellinfo-mvc-flow-master\src\test\resources
2017-02-25 19:15:45,028 [Worker-201] INFO  o.e.m.c.i.embedder.EclipseLogger - Using 'UTF-8' encoding to copy filtered resources.
2017-02-25 19:15:45,028 [Worker-201] INFO  o.e.m.c.i.embedder.EclipseLogger - Copying 0 resource
2017-02-25 19:15:45,028 [Worker-201] INFO  o.e.m.c.i.embedder.EclipseLogger - Using 'UTF-8' encoding to copy filtered resources.
2017-02-25 19:15:45,028 [Worker-201] INFO  o.e.m.c.i.embedder.EclipseLogger - skip non existing resourceDirectory C:\Users\deept\Downloads\Java\bellinfo-mvc-flow-master\bellinfo-mvc-flow-master\src\test\resources
2017-02-25 21:46:13,632 [Worker-268] INFO  o.e.m.c.i.embedder.EclipseLogger - Using 'UTF-8' encoding to copy filtered resources.
2017-02-25 21:46:13,633 [Worker-268] INFO  o.e.m.c.i.embedder.EclipseLogger - Copying 1 resource
2017-02-25 21:46:13,638 [Worker-268] INFO  o.e.m.c.i.embedder.EclipseLogger - Using 'UTF-8' encoding to copy filtered resources.
2017-02-25 21:46:13,639 [Worker-268] INFO  o.e.m.c.i.embedder.EclipseLogger - skip non existing resourceDirectory C:\Users\deept\Downloads\Java\bellinfo-mvc-flow-master\bellinfo-mvc-flow-master\src\test\resources
2017-02-25 21:50:29,243 [Worker-271] INFO  o.e.m.c.i.embedder.EclipseLogger - Using 'UTF-8' encoding to copy filtered resources.
2017-02-25 21:50:29,244 [Worker-271] INFO  o.e.m.c.i.embedder.EclipseLogger - Copying 0 resource
2017-02-25 21:50:29,245 [Worker-271] INFO  o.e.m.c.i.embedder.EclipseLogger - Using 'UTF-8' encoding to copy filtered resources.
2017-02-25 21:50:29,245 [Worker-271] INFO  o.e.m.c.i.embedder.EclipseLogger - skip non existing resourceDirectory C:\Users\deept\Downloads\Java\bellinfo-mvc-flow-master\bellinfo-mvc-flow-master\src\test\resources
2017-02-25 21:50:41,209 [Worker-274] INFO  o.e.m.c.i.embedder.EclipseLogger - Using 'UTF-8' encoding to copy filtered resources.
2017-02-25 21:50:41,209 [Worker-274] INFO  o.e.m.c.i.embedder.EclipseLogger - Copying 0 resource
2017-02-25 21:50:41,211 [Worker-274] INFO  o.e.m.c.i.embedder.EclipseLogger - Using 'UTF-8' encoding to copy filtered resources.
2017-02-25 21:50:41,211 [Worker-274] INFO  o.e.m.c.i.embedder.EclipseLogger - skip non existing resourceDirectory C:\Users\deept\Downloads\Java\bellinfo-mvc-flow-master\bellinfo-mvc-flow-master\src\test\resources
2017-02-25 22:13:19,382 [main] INFO  o.e.m2e.actions.ExecutePomAction - Creating new launch configuration
2017-02-25 22:13:24,328 [Worker-288] INFO  o.e.m.i.launch.MavenLaunchDelegate - C:\Users\deept\Downloads\Java\bellinfo-mvc-flow-master\bellinfo-mvc-flow-master
2017-02-25 22:13:24,328 [Worker-288] INFO  o.e.m.i.launch.MavenLaunchDelegate -  mvn  -B clean install
2017-02-25 23:07:22,995 [Worker-314] INFO  o.e.m.c.i.embedder.EclipseLogger - Using 'UTF-8' encoding to copy filtered resources.
2017-02-25 23:07:22,995 [Worker-314] INFO  o.e.m.c.i.embedder.EclipseLogger - Copying 0 resource
2017-02-25 23:07:22,997 [Worker-314] INFO  o.e.m.c.i.embedder.EclipseLogger - Using 'UTF-8' encoding to copy filtered resources.
2017-02-25 23:07:22,997 [Worker-314] INFO  o.e.m.c.i.embedder.EclipseLogger - skip non existing resourceDirectory C:\Users\deept\Downloads\Java\bellinfo-mvc-flow-master\bellinfo-mvc-flow-master\src\test\resources
2017-02-25 23:09:10,546 [Worker-313] INFO  o.e.m.c.i.embedder.EclipseLogger - Using 'UTF-8' encoding to copy filtered resources.
2017-02-25 23:09:10,546 [Worker-313] INFO  o.e.m.c.i.embedder.EclipseLogger - Copying 0 resource
2017-02-25 23:09:10,548 [Worker-313] INFO  o.e.m.c.i.embedder.EclipseLogger - Using 'UTF-8' encoding to copy filtered resources.
2017-02-25 23:09:10,548 [Worker-313] INFO  o.e.m.c.i.embedder.EclipseLogger - skip non existing resourceDirectory C:\Users\deept\Downloads\Java\bellinfo-mvc-flow-master\bellinfo-mvc-flow-master\src\test\resources
2017-02-25 23:17:20,479 [Worker-319] INFO  o.e.m.c.i.embedder.EclipseLogger - Using 'UTF-8' encoding to copy filtered resources.
2017-02-25 23:17:20,481 [Worker-319] INFO  o.e.m.c.i.embedder.EclipseLogger - Copying 0 resource
2017-02-25 23:17:20,481 [Worker-319] INFO  o.e.m.c.i.embedder.EclipseLogger - Using 'UTF-8' encoding to copy filtered resources.
2017-02-25 23:17:20,481 [Worker-319] INFO  o.e.m.c.i.embedder.EclipseLogger - skip non existing resourceDirectory C:\Users\deept\Downloads\Java\bellinfo-mvc-flow-master\bellinfo-mvc-flow-master\src\test\resources
2017-02-25 23:17:39,094 [Worker-315] INFO  o.e.m.c.i.embedder.EclipseLogger - Using 'UTF-8' encoding to copy filtered resources.
2017-02-25 23:17:39,095 [Worker-315] INFO  o.e.m.c.i.embedder.EclipseLogger - Copying 0 resource
2017-02-25 23:17:39,096 [Worker-315] INFO  o.e.m.c.i.embedder.EclipseLogger - Using 'UTF-8' encoding to copy filtered resources.
2017-02-25 23:17:39,097 [Worker-315] INFO  o.e.m.c.i.embedder.EclipseLogger - skip non existing resourceDirectory C:\Users\deept\Downloads\Java\bellinfo-mvc-flow-master\bellinfo-mvc-flow-master\src\test\resources
2017-02-25 23:28:06,091 [Worker-323] INFO  o.e.m.c.i.embedder.EclipseLogger - Using 'UTF-8' encoding to copy filtered resources.
2017-02-25 23:28:06,092 [Worker-323] INFO  o.e.m.c.i.embedder.EclipseLogger - Copying 0 resource
2017-02-25 23:28:06,094 [Worker-323] INFO  o.e.m.c.i.embedder.EclipseLogger - Using 'UTF-8' encoding to copy filtered resources.
2017-02-25 23:28:06,094 [Worker-323] INFO  o.e.m.c.i.embedder.EclipseLogger - skip non existing resourceDirectory C:\Users\deept\Downloads\Java\bellinfo-mvc-flow-master\bellinfo-mvc-flow-master\src\test\resources
2017-02-25 23:46:39,462 [Worker-338] INFO  o.e.m.c.i.embedder.EclipseLogger - Using 'UTF-8' encoding to copy filtered resources.
2017-02-25 23:46:39,462 [Worker-338] INFO  o.e.m.c.i.embedder.EclipseLogger - Copying 0 resource
2017-02-25 23:46:39,463 [Worker-338] INFO  o.e.m.c.i.embedder.EclipseLogger - Using 'UTF-8' encoding to copy filtered resources.
2017-02-25 23:46:39,464 [Worker-338] INFO  o.e.m.c.i.embedder.EclipseLogger - skip non existing resourceDirectory C:\Users\deept\Downloads\Java\bellinfo-mvc-flow-master\bellinfo-mvc-flow-master\src\test\resources
2017-02-25 23:48:42,600 [Worker-330] INFO  o.e.m.c.i.embedder.EclipseLogger - Using 'UTF-8' encoding to copy filtered resources.
2017-02-25 23:48:42,600 [Worker-330] INFO  o.e.m.c.i.embedder.EclipseLogger - Copying 0 resource
2017-02-25 23:48:42,602 [Worker-330] INFO  o.e.m.c.i.embedder.EclipseLogger - Using 'UTF-8' encoding to copy filtered resources.
2017-02-25 23:48:42,602 [Worker-330] INFO  o.e.m.c.i.embedder.EclipseLogger - skip non existing resourceDirectory C:\Users\deept\Downloads\Java\bellinfo-mvc-flow-master\bellinfo-mvc-flow-master\src\test\resources
2017-02-25 23:50:43,657 [Worker-321] INFO  o.e.m.c.i.embedder.EclipseLogger - Using 'UTF-8' encoding to copy filtered resources.
2017-02-25 23:50:43,657 [Worker-321] INFO  o.e.m.c.i.embedder.EclipseLogger - Copying 0 resource
2017-02-25 23:50:43,657 [Worker-321] INFO  o.e.m.c.i.embedder.EclipseLogger - Using 'UTF-8' encoding to copy filtered resources.
2017-02-25 23:50:43,657 [Worker-321] INFO  o.e.m.c.i.embedder.EclipseLogger - skip non existing resourceDirectory C:\Users\deept\Downloads\Java\bellinfo-mvc-flow-master\bellinfo-mvc-flow-master\src\test\resources
2017-02-25 23:51:10,197 [Worker-331] INFO  o.e.m.c.i.embedder.EclipseLogger - Using 'UTF-8' encoding to copy filtered resources.
2017-02-25 23:51:10,198 [Worker-331] INFO  o.e.m.c.i.embedder.EclipseLogger - Copying 0 resource
2017-02-25 23:51:10,199 [Worker-331] INFO  o.e.m.c.i.embedder.EclipseLogger - Using 'UTF-8' encoding to copy filtered resources.
2017-02-25 23:51:10,200 [Worker-331] INFO  o.e.m.c.i.embedder.EclipseLogger - skip non existing resourceDirectory C:\Users\deept\Downloads\Java\bellinfo-mvc-flow-master\bellinfo-mvc-flow-master\src\test\resources
2017-02-25 23:52:43,262 [Worker-337] INFO  o.e.m.c.i.embedder.EclipseLogger - Using 'UTF-8' encoding to copy filtered resources.
2017-02-25 23:52:43,263 [Worker-337] INFO  o.e.m.c.i.embedder.EclipseLogger - Copying 0 resource
2017-02-25 23:52:43,266 [Worker-337] INFO  o.e.m.c.i.embedder.EclipseLogger - Using 'UTF-8' encoding to copy filtered resources.
2017-02-25 23:52:43,266 [Worker-337] INFO  o.e.m.c.i.embedder.EclipseLogger - skip non existing resourceDirectory C:\Users\deept\Downloads\Java\bellinfo-mvc-flow-master\bellinfo-mvc-flow-master\src\test\resources
2017-02-26 00:14:55,835 [Worker-353] INFO  o.e.m.c.i.embedder.EclipseLogger - Using 'UTF-8' encoding to copy filtered resources.
2017-02-26 00:14:55,837 [Worker-353] INFO  o.e.m.c.i.embedder.EclipseLogger - Copying 1 resource
2017-02-26 00:14:55,841 [Worker-353] INFO  o.e.m.c.i.embedder.EclipseLogger - Using 'UTF-8' encoding to copy filtered resources.
2017-02-26 00:14:55,841 [Worker-353] INFO  o.e.m.c.i.embedder.EclipseLogger - skip non existing resourceDirectory C:\Users\deept\Downloads\Java\bellinfo-mvc-flow-master\bellinfo-mvc-flow-master\src\test\resources
2017-02-26 00:17:04,889 [Worker-335] INFO  o.e.m.c.i.embedder.EclipseLogger - Using 'UTF-8' encoding to copy filtered resources.
2017-02-26 00:17:04,889 [Worker-335] INFO  o.e.m.c.i.embedder.EclipseLogger - Copying 1 resource
2017-02-26 00:17:04,889 [Worker-335] INFO  o.e.m.c.i.embedder.EclipseLogger - Using 'UTF-8' encoding to copy filtered resources.
2017-02-26 00:17:04,891 [Worker-335] INFO  o.e.m.c.i.embedder.EclipseLogger - skip non existing resourceDirectory C:\Users\deept\Downloads\Java\bellinfo-mvc-flow-master\bellinfo-mvc-flow-master\src\test\resources
2017-02-26 00:30:04,168 [Worker-365] INFO  o.e.m.c.i.embedder.EclipseLogger - Using 'UTF-8' encoding to copy filtered resources.
2017-02-26 00:30:04,168 [Worker-365] INFO  o.e.m.c.i.embedder.EclipseLogger - Copying 1 resource
2017-02-26 00:30:04,168 [Worker-365] INFO  o.e.m.c.i.embedder.EclipseLogger - Using 'UTF-8' encoding to copy filtered resources.
2017-02-26 00:30:04,168 [Worker-365] INFO  o.e.m.c.i.embedder.EclipseLogger - skip non existing resourceDirectory C:\Users\deept\Downloads\Java\bellinfo-mvc-flow-master\bellinfo-mvc-flow-master\src\test\resources
